  Main.cpp
  TutorialGame.cpp
H:\GitHub\Physics-and-AI\8503 Release - 2021\CSC8503\GameTech\Main.cpp(75,12): warning C4244:  'argument': conversion from 'time_t' to 'unsigned int', possible loss of data
H:\GitHub\Physics-and-AI\8503 Release - 2021\CSC8503\GameTech\TutorialGame.cpp(294,38): warning C4305:  'argument': truncation from 'double' to 'float'
H:\GitHub\Physics-and-AI\8503 Release - 2021\CSC8503\GameTech\TutorialGame.cpp(328,44): warning C4305:  'argument': truncation from 'double' to 'float'
H:\GitHub\Physics-and-AI\8503 Release - 2021\CSC8503\GameTech\TutorialGame.cpp(476,54): warning C4305:  'argument': truncation from 'double' to 'float'
H:\GitHub\Physics-and-AI\8503 Release - 2021\CSC8503\GameTech\TutorialGame.cpp(477,55): warning C4305:  'argument': truncation from 'double' to 'float'
H:\GitHub\Physics-and-AI\8503 Release - 2021\CSC8503\GameTech\TutorialGame.cpp(483,55): warning C4305:  'argument': truncation from 'double' to 'float'
H:\GitHub\Physics-and-AI\8503 Release - 2021\CSC8503\GameTech\TutorialGame.cpp(486,54): warning C4305:  'argument': truncation from 'double' to 'float'
H:\GitHub\Physics-and-AI\8503 Release - 2021\CSC8503\GameTech\TutorialGame.cpp(487,55): warning C4305:  'argument': truncation from 'double' to 'float'
H:\GitHub\Physics-and-AI\8503 Release - 2021\CSC8503\GameTech\TutorialGame.cpp(489,61): warning C4305:  'argument': truncation from 'double' to 'float'
H:\GitHub\Physics-and-AI\8503 Release - 2021\CSC8503\GameTech\TutorialGame.cpp(490,61): warning C4305:  'argument': truncation from 'double' to 'float'
H:\GitHub\Physics-and-AI\8503 Release - 2021\CSC8503\GameTech\TutorialGame.cpp(492,58): warning C4305:  'argument': truncation from 'double' to 'float'
H:\GitHub\Physics-and-AI\8503 Release - 2021\CSC8503\GameTech\TutorialGame.cpp(493,36): warning C4305:  'argument': truncation from 'double' to 'float'
H:\GitHub\Physics-and-AI\8503 Release - 2021\CSC8503\GameTech\TutorialGame.cpp(493,58): warning C4305:  'argument': truncation from 'double' to 'float'
H:\GitHub\Physics-and-AI\8503 Release - 2021\CSC8503\GameTech\TutorialGame.cpp(494,37): warning C4305:  'argument': truncation from 'double' to 'float'
H:\GitHub\Physics-and-AI\8503 Release - 2021\CSC8503\GameTech\TutorialGame.cpp(494,59): warning C4305:  'argument': truncation from 'double' to 'float'
H:\GitHub\Physics-and-AI\8503 Release - 2021\CSC8503\GameTech\TutorialGame.cpp(495,37): warning C4305:  'argument': truncation from 'double' to 'float'
H:\GitHub\Physics-and-AI\8503 Release - 2021\CSC8503\GameTech\TutorialGame.cpp(495,59): warning C4305:  'argument': truncation from 'double' to 'float'
H:\GitHub\Physics-and-AI\8503 Release - 2021\CSC8503\GameTech\TutorialGame.cpp(496,37): warning C4305:  'argument': truncation from 'double' to 'float'
H:\GitHub\Physics-and-AI\8503 Release - 2021\CSC8503\GameTech\TutorialGame.cpp(496,59): warning C4305:  'argument': truncation from 'double' to 'float'
H:\GitHub\Physics-and-AI\8503 Release - 2021\CSC8503\GameTech\TutorialGame.cpp(497,37): warning C4305:  'argument': truncation from 'double' to 'float'
H:\GitHub\Physics-and-AI\8503 Release - 2021\CSC8503\GameTech\TutorialGame.cpp(497,59): warning C4305:  'argument': truncation from 'double' to 'float'
H:\GitHub\Physics-and-AI\8503 Release - 2021\CSC8503\GameTech\TutorialGame.cpp(498,37): warning C4305:  'argument': truncation from 'double' to 'float'
H:\GitHub\Physics-and-AI\8503 Release - 2021\CSC8503\GameTech\TutorialGame.cpp(498,59): warning C4305:  'argument': truncation from 'double' to 'float'
H:\GitHub\Physics-and-AI\8503 Release - 2021\CSC8503\GameTech\TutorialGame.cpp(499,37): warning C4305:  'argument': truncation from 'double' to 'float'
H:\GitHub\Physics-and-AI\8503 Release - 2021\CSC8503\GameTech\TutorialGame.cpp(499,59): warning C4305:  'argument': truncation from 'double' to 'float'
H:\GitHub\Physics-and-AI\8503 Release - 2021\CSC8503\GameTech\TutorialGame.cpp(501,57): warning C4305:  'argument': truncation from 'double' to 'float'
H:\GitHub\Physics-and-AI\8503 Release - 2021\CSC8503\GameTech\TutorialGame.cpp(502,57): warning C4305:  'argument': truncation from 'double' to 'float'
H:\GitHub\Physics-and-AI\8503 Release - 2021\CSC8503\GameTech\TutorialGame.cpp(503,57): warning C4305:  'argument': truncation from 'double' to 'float'
H:\GitHub\Physics-and-AI\8503 Release - 2021\CSC8503\GameTech\TutorialGame.cpp(504,57): warning C4305:  'argument': truncation from 'double' to 'float'
H:\GitHub\Physics-and-AI\8503 Release - 2021\CSC8503\GameTech\TutorialGame.cpp(509,57): warning C4305:  'argument': truncation from 'double' to 'float'
H:\GitHub\Physics-and-AI\8503 Release - 2021\CSC8503\GameTech\TutorialGame.cpp(510,41): warning C4305:  'argument': truncation from 'double' to 'float'
H:\GitHub\Physics-and-AI\8503 Release - 2021\CSC8503\GameTech\TutorialGame.cpp(510,61): warning C4305:  'argument': truncation from 'double' to 'float'
H:\GitHub\Physics-and-AI\8503 Release - 2021\CSC8503\GameTech\TutorialGame.cpp(511,55): warning C4305:  'argument': truncation from 'double' to 'float'
H:\GitHub\Physics-and-AI\8503 Release - 2021\CSC8503\GameTech\TutorialGame.cpp(512,59): warning C4305:  'argument': truncation from 'double' to 'float'
H:\GitHub\Physics-and-AI\8503 Release - 2021\CSC8503\GameTech\TutorialGame.cpp(513,60): warning C4305:  'argument': truncation from 'double' to 'float'
H:\GitHub\Physics-and-AI\8503 Release - 2021\CSC8503\GameTech\TutorialGame.cpp(514,60): warning C4305:  'argument': truncation from 'double' to 'float'
H:\GitHub\Physics-and-AI\8503 Release - 2021\CSC8503\GameTech\TutorialGame.cpp(515,57): warning C4305:  'argument': truncation from 'double' to 'float'
H:\GitHub\Physics-and-AI\8503 Release - 2021\CSC8503\GameTech\TutorialGame.cpp(516,60): warning C4305:  'argument': truncation from 'double' to 'float'
H:\GitHub\Physics-and-AI\8503 Release - 2021\CSC8503\GameTech\TutorialGame.cpp(517,60): warning C4305:  'argument': truncation from 'double' to 'float'
H:\GitHub\Physics-and-AI\8503 Release - 2021\CSC8503\GameTech\TutorialGame.cpp(518,57): warning C4305:  'argument': truncation from 'double' to 'float'
H:\GitHub\Physics-and-AI\8503 Release - 2021\CSC8503\GameTech\TutorialGame.cpp(519,60): warning C4305:  'argument': truncation from 'double' to 'float'
H:\GitHub\Physics-and-AI\8503 Release - 2021\CSC8503\GameTech\TutorialGame.cpp(520,56): warning C4305:  'argument': truncation from 'double' to 'float'
H:\GitHub\Physics-and-AI\8503 Release - 2021\CSC8503\GameTech\TutorialGame.cpp(521,56): warning C4305:  'argument': truncation from 'double' to 'float'
H:\GitHub\Physics-and-AI\8503 Release - 2021\CSC8503\GameTech\TutorialGame.cpp(522,60): warning C4305:  'argument': truncation from 'double' to 'float'
H:\GitHub\Physics-and-AI\8503 Release - 2021\CSC8503\GameTech\TutorialGame.cpp(523,57): warning C4305:  'argument': truncation from 'double' to 'float'
H:\GitHub\Physics-and-AI\8503 Release - 2021\CSC8503\GameTech\TutorialGame.cpp(525,58): warning C4305:  'argument': truncation from 'double' to 'float'
H:\GitHub\Physics-and-AI\8503 Release - 2021\CSC8503\GameTech\TutorialGame.cpp(526,57): warning C4305:  'argument': truncation from 'double' to 'float'
H:\GitHub\Physics-and-AI\8503 Release - 2021\CSC8503\GameTech\TutorialGame.cpp(527,57): warning C4305:  'argument': truncation from 'double' to 'float'
H:\GitHub\Physics-and-AI\8503 Release - 2021\CSC8503\GameTech\TutorialGame.cpp(530,69): warning C4305:  'argument': truncation from 'double' to 'float'
H:\GitHub\Physics-and-AI\8503 Release - 2021\CSC8503\GameTech\TutorialGame.cpp(532,73): warning C4305:  'argument': truncation from 'double' to 'float'
H:\GitHub\Physics-and-AI\8503 Release - 2021\CSC8503\GameTech\TutorialGame.cpp(539,58): warning C4305:  'argument': truncation from 'double' to 'float'
H:\GitHub\Physics-and-AI\8503 Release - 2021\CSC8503\GameTech\TutorialGame.cpp(540,58): warning C4305:  'argument': truncation from 'double' to 'float'
H:\GitHub\Physics-and-AI\8503 Release - 2021\CSC8503\GameTech\TutorialGame.cpp(754,44): error C2511:  'void NCL::CSC8503::TutorialGame::AddStateObjectToWorld(void)': overloaded member function not found in 'NCL::CSC8503::TutorialGame'
H:\GitHub\Physics-and-AI\8503 Release - 2021\CSC8503\GameTech\TutorialGame.h(8): message :  see declaration of 'NCL::CSC8503::TutorialGame'
H:\GitHub\Physics-and-AI\8503 Release - 2021\CSC8503\GameTech\TutorialGame.cpp(755,20): error C2352:  'NCL::CSC8503::TutorialGame::AddStateObjectToWorld': illegal call of non-static member function
  Generating Code...
H:\GitHub\Physics-and-AI\8503 Release - 2021\CSC8503\GameTech\TutorialGame.h(91): message :  see declaration of 'NCL::CSC8503::TutorialGame::AddStateObjectToWorld'
